<?xml version="1.0" encoding="UTF-8"?>
<!-- Generated by org.testng.reporters.JUnitReportReporter -->
<testsuite hostname="PC93192" name="scrolling.scroll" tests="1" failures="0" timestamp="3 Aug 2018 12:51:02 GMT" time="15.724" errors="0">
  <testcase name="test1" time="15.724" classname="scrolling.scroll"/>
</testsuite> <!-- scrolling.scroll -->
