<?xml version="1.0" encoding="UTF-8"?>
<!-- Generated by org.testng.reporters.JUnitReportReporter -->
<testsuite hostname="PC93192" name="Testng.NewTest" tests="1" failures="0" timestamp="12 Jul 2018 10:27:46 GMT" time="0.012" errors="0">
  <testcase name="f" time="0.012" classname="Testng.NewTest"/>
</testsuite> <!-- Testng.NewTest -->
