<?xml version="1.0" encoding="UTF-8"?>
<!-- Generated by org.testng.reporters.JUnitReportReporter -->
<testsuite hostname="PC93192" name="Testng.Test1" tests="4" failures="0" timestamp="12 Jul 2018 09:01:16 GMT" time="0.007" errors="0">
  <testcase name="add1" time="0.002" classname="Testng.Test1"/>
  <testcase name="add3" time="0.002" classname="Testng.Test1"/>
  <testcase name="add2" time="0.002" classname="Testng.Test1"/>
  <testcase name="add4" time="0.001" classname="Testng.Test1"/>
</testsuite> <!-- Testng.Test1 -->
