<?xml version="1.0" encoding="UTF-8"?>
<!-- Generated by org.testng.reporters.JUnitReportReporter -->
<testsuite hostname="PC93192" name="Testng.test" tests="1" failures="0" timestamp="13 Jul 2018 09:37:04 GMT" time="16.145" errors="0">
  <testcase name="toolsqa" time="16.145" classname="Testng.test"/>
</testsuite> <!-- Testng.test -->
