<?xml version="1.0" encoding="UTF-8"?>
<!-- Generated by org.testng.reporters.JUnitReportReporter -->
<testsuite hostname="PC93192" name="Testng.Otherparameters" tests="4" failures="0" timestamp="13 Jul 2018 08:51:17 GMT" time="0.025" errors="0">
  <testcase name="thur" time="0.002" classname="Testng.Otherparameters"/>
  <testcase name="tue" time="0.003" classname="Testng.Otherparameters"/>
  <testcase name="mon" time="0.018" classname="Testng.Otherparameters"/>
  <testcase name="fri" time="0.002" classname="Testng.Otherparameters"/>
</testsuite> <!-- Testng.Otherparameters -->
