<?xml version="1.0" encoding="UTF-8"?>
<!-- Generated by org.testng.reporters.JUnitReportReporter -->
<testsuite skipped="0" hostname="PC93192" name="AssertionDemo.AssertionScripts" tests="1" failures="0" timestamp="08 Aug 2018 07:07:39 GMT" time="32.553" errors="0">
  <testcase name="test1" time="32.553" classname="AssertionDemo.AssertionScripts"/>
</testsuite> <!-- AssertionDemo.AssertionScripts -->
